CMake Warning (dev) in CMakeLists.txt:
  No project() command is present.  The top-level CMakeLists.txt file must
  contain a literal, direct call to the project() command.  Add a line of
  code such as

    project(ProjectName)

  near the top of the file, but after cmake_minimum_required().

  CMake is pretending there is a "project(Project)" command on the first
  line.
This warning is for project developers.  Use -Wno-dev to suppress it.

-- The C compiler identification is GNU 7.5.0
-- The CXX compiler identification is GNU 7.5.0
-- Detecting C compiler ABI info
-- Detecting C compiler ABI info - done
-- Check for working C compiler: /usr/bin/cc - skipped
-- Detecting C compile features
-- Detecting C compile features - done
-- Detecting CXX compiler ABI info
-- Detecting CXX compiler ABI info - done
-- Check for working CXX compiler: /usr/bin/c++ - skipped
-- Detecting CXX compile features
-- Detecting CXX compile features - done
CMake Deprecation Warning at CMakeLists.txt:4 (cmake_minimum_required):
  Compatibility with CMake < 2.8.12 will be removed from a future version of
  CMake.

  Update the VERSION argument <min> value or use a ...<max> suffix to tell
  CMake that the project does not need compatibility with older versions.


-- Using CATKIN_DEVEL_PREFIX: /home/leeandy/Desktop/ICL_controller/Gazebo_simulation/mav_comm/matlab_msg_gen_ros1/glnxa64/devel
-- Using CMAKE_PREFIX_PATH: /home/leeandy/MATLAB_2021b/sys/ros1/glnxa64/ros1;/home/leeandy/MATLAB_2021b/toolbox/ros/mlroscpp/custom_messages
-- This workspace overlays: /home/leeandy/MATLAB_2021b/sys/ros1/glnxa64/ros1;/home/leeandy/MATLAB_2021b/toolbox/ros/mlroscpp/custom_messages
-- Found PythonInterp: /home/leeandy/.matlab/R2021b/ros1/glnxa64/venv/bin/python2 (found suitable version "2.7.17", minimum required is "2") 
-- Using PYTHON_EXECUTABLE: /home/leeandy/.matlab/R2021b/ros1/glnxa64/venv/bin/python2
-- Using Debian Python package layout
-- Using empy: /usr/bin/empy
-- Using CATKIN_ENABLE_TESTING: off
-- catkin 0.7.17
-- BUILD_SHARED_LIBS is on
-- BUILD_SHARED_LIBS is on
-- ~~~~~~~~~~~~~~~~~~~~~~~~~~~~~~~~~~~~~~~~~~~~~~~~~
-- ~~  traversing 2 packages in topological order:
-- ~~  - mav_msgs
-- ~~  - mav_planning_msgs
-- ~~~~~~~~~~~~~~~~~~~~~~~~~~~~~~~~~~~~~~~~~~~~~~~~~
-- +++ processing catkin package: 'mav_msgs'
-- ==> add_subdirectory(mav_msgs)
-- Disabling the following message generators: geneus;genlisp;gennodejs
-- Using these message generators: gencpp;genpy
-- mav_msgs: 9 messages, 0 services
-- +++ processing catkin package: 'mav_planning_msgs'
-- ==> add_subdirectory(mav_planning_msgs)
-- Disabling the following message generators: geneus;genlisp;gennodejs
-- Using these message generators: gencpp;genpy
-- mav_planning_msgs: 7 messages, 2 services
-- Configuring done
-- Generating done
CMake Warning:
  Manually-specified variables were not used by the project:

    Boost_NAMESPACE


-- Build files have been written to: /home/leeandy/Desktop/ICL_controller/Gazebo_simulation/mav_comm/matlab_msg_gen_ros1/glnxa64/build
[1/78] cd /home/leeandy/Desktop/ICL_controller/Gazebo_simulation/mav_comm/matlab_msg_gen_ros1/glnxa64/build/mav_planning_msgs && /home/leeandy/Desktop/ICL_controller/Gazebo_simulation/mav_comm/matlab_msg_gen_ros1/glnxa64/build/catkin_generated/env_cached.sh /home/leeandy/.matlab/R2021b/ros1/glnxa64/venv/bin/python2 /home/leeandy/MATLAB_2021b/sys/ros1/glnxa64/ros1/share/genmsg/cmake/../../../lib/genmsg/genmsg_check_deps.py mav_planning_msgs /home/leeandy/Desktop/ICL_controller/Gazebo_simulation/mav_comm/matlab_msg_gen_ros1/glnxa64/src/mav_planning_msgs/srv/PlannerService.srv geometry_msgs/Quaternion:trajectory_msgs/MultiDOFJointTrajectory:mav_planning_msgs/PolynomialSegment4D:geometry_msgs/Transform:geometry_msgs/PoseStamped:geometry_msgs/Point:trajectory_msgs/MultiDOFJointTrajectoryPoint:mav_planning_msgs/PolynomialTrajectory4D:geometry_msgs/Twist:geometry_msgs/Pose:geometry_msgs/Vector3:std_msgs/Header
[2/78] cd /home/leeandy/Desktop/ICL_controller/Gazebo_simulation/mav_comm/matlab_msg_gen_ros1/glnxa64/build/mav_msgs && /home/leeandy/Desktop/ICL_controller/Gazebo_simulation/mav_comm/matlab_msg_gen_ros1/glnxa64/build/catkin_generated/env_cached.sh /home/leeandy/.matlab/R2021b/ros1/glnxa64/venv/bin/python2 /home/leeandy/MATLAB_2021b/sys/ros1/glnxa64/ros1/share/genmsg/cmake/../../../lib/genmsg/genmsg_check_deps.py mav_msgs /home/leeandy/Desktop/ICL_controller/Gazebo_simulation/mav_comm/matlab_msg_gen_ros1/glnxa64/src/mav_msgs/msg/FilteredSensorData.msg geometry_msgs/Vector3:std_msgs/Header
[3/78] cd /home/leeandy/Desktop/ICL_controller/Gazebo_simulation/mav_comm/matlab_msg_gen_ros1/glnxa64/build/mav_msgs && /home/leeandy/Desktop/ICL_controller/Gazebo_simulation/mav_comm/matlab_msg_gen_ros1/glnxa64/build/catkin_generated/env_cached.sh /home/leeandy/.matlab/R2021b/ros1/glnxa64/venv/bin/python2 /home/leeandy/MATLAB_2021b/sys/ros1/glnxa64/ros1/share/genmsg/cmake/../../../lib/genmsg/genmsg_check_deps.py mav_msgs /home/leeandy/Desktop/ICL_controller/Gazebo_simulation/mav_comm/matlab_msg_gen_ros1/glnxa64/src/mav_msgs/msg/Status.msg std_msgs/Header
[4/78] cd /home/leeandy/Desktop/ICL_controller/Gazebo_simulation/mav_comm/matlab_msg_gen_ros1/glnxa64/build/mav_msgs && /home/leeandy/Desktop/ICL_controller/Gazebo_simulation/mav_comm/matlab_msg_gen_ros1/glnxa64/build/catkin_generated/env_cached.sh /home/leeandy/.matlab/R2021b/ros1/glnxa64/venv/bin/python2 /home/leeandy/MATLAB_2021b/sys/ros1/glnxa64/ros1/share/genmsg/cmake/../../../lib/genmsg/genmsg_check_deps.py mav_msgs /home/leeandy/Desktop/ICL_controller/Gazebo_simulation/mav_comm/matlab_msg_gen_ros1/glnxa64/src/mav_msgs/msg/RateThrust.msg geometry_msgs/Vector3:std_msgs/Header
[5/78] cd /home/leeandy/Desktop/ICL_controller/Gazebo_simulation/mav_comm/matlab_msg_gen_ros1/glnxa64/build/mav_msgs && /home/leeandy/Desktop/ICL_controller/Gazebo_simulation/mav_comm/matlab_msg_gen_ros1/glnxa64/build/catkin_generated/env_cached.sh /home/leeandy/.matlab/R2021b/ros1/glnxa64/venv/bin/python2 /home/leeandy/MATLAB_2021b/sys/ros1/glnxa64/ros1/share/genmsg/cmake/../../../lib/genmsg/genmsg_check_deps.py mav_msgs /home/leeandy/Desktop/ICL_controller/Gazebo_simulation/mav_comm/matlab_msg_gen_ros1/glnxa64/src/mav_msgs/msg/System_pose.msg geometry_msgs/Quaternion:geometry_msgs/Pose:geometry_msgs/Vector3:geometry_msgs/Point:std_msgs/Header
[6/78] cd /home/leeandy/Desktop/ICL_controller/Gazebo_simulation/mav_comm/matlab_msg_gen_ros1/glnxa64/build/mav_msgs && /home/leeandy/Desktop/ICL_controller/Gazebo_simulation/mav_comm/matlab_msg_gen_ros1/glnxa64/build/catkin_generated/env_cached.sh /home/leeandy/.matlab/R2021b/ros1/glnxa64/venv/bin/python2 /home/leeandy/MATLAB_2021b/sys/ros1/glnxa64/ros1/share/genmsg/cmake/../../../lib/genmsg/genmsg_check_deps.py mav_msgs /home/leeandy/Desktop/ICL_controller/Gazebo_simulation/mav_comm/matlab_msg_gen_ros1/glnxa64/src/mav_msgs/msg/RollPitchYawrateThrust.msg geometry_msgs/Vector3:std_msgs/Header
[7/78] cd /home/leeandy/Desktop/ICL_controller/Gazebo_simulation/mav_comm/matlab_msg_gen_ros1/glnxa64/build/mav_msgs && /home/leeandy/Desktop/ICL_controller/Gazebo_simulation/mav_comm/matlab_msg_gen_ros1/glnxa64/build/catkin_generated/env_cached.sh /home/leeandy/.matlab/R2021b/ros1/glnxa64/venv/bin/python2 /home/leeandy/MATLAB_2021b/sys/ros1/glnxa64/ros1/share/genmsg/cmake/../../../lib/genmsg/genmsg_check_deps.py mav_msgs /home/leeandy/Desktop/ICL_controller/Gazebo_simulation/mav_comm/matlab_msg_gen_ros1/glnxa64/src/mav_msgs/msg/AttitudeThrust.msg geometry_msgs/Quaternion:geometry_msgs/Vector3:std_msgs/Header
[8/78] cd /home/leeandy/Desktop/ICL_controller/Gazebo_simulation/mav_comm/matlab_msg_gen_ros1/glnxa64/build/mav_msgs && /home/leeandy/Desktop/ICL_controller/Gazebo_simulation/mav_comm/matlab_msg_gen_ros1/glnxa64/build/catkin_generated/env_cached.sh /home/leeandy/.matlab/R2021b/ros1/glnxa64/venv/bin/python2 /home/leeandy/MATLAB_2021b/sys/ros1/glnxa64/ros1/share/genmsg/cmake/../../../lib/genmsg/genmsg_check_deps.py mav_msgs /home/leeandy/Desktop/ICL_controller/Gazebo_simulation/mav_comm/matlab_msg_gen_ros1/glnxa64/src/mav_msgs/msg/TorqueThrust.msg geometry_msgs/Vector3:std_msgs/Header
[9/78] cd /home/leeandy/Desktop/ICL_controller/Gazebo_simulation/mav_comm/matlab_msg_gen_ros1/glnxa64/build/mav_msgs && /home/leeandy/Desktop/ICL_controller/Gazebo_simulation/mav_comm/matlab_msg_gen_ros1/glnxa64/build/catkin_generated/env_cached.sh /home/leeandy/.matlab/R2021b/ros1/glnxa64/venv/bin/python2 /home/leeandy/MATLAB_2021b/sys/ros1/glnxa64/ros1/share/genmsg/cmake/../../../lib/genmsg/genmsg_check_deps.py mav_msgs /home/leeandy/Desktop/ICL_controller/Gazebo_simulation/mav_comm/matlab_msg_gen_ros1/glnxa64/src/mav_msgs/msg/GpsWaypoint.msg std_msgs/Header
[10/78] cd /home/leeandy/Desktop/ICL_controller/Gazebo_simulation/mav_comm/matlab_msg_gen_ros1/glnxa64/build/mav_msgs && /home/leeandy/Desktop/ICL_controller/Gazebo_simulation/mav_comm/matlab_msg_gen_ros1/glnxa64/build/catkin_generated/env_cached.sh /home/leeandy/.matlab/R2021b/ros1/glnxa64/venv/bin/python2 /home/leeandy/MATLAB_2021b/sys/ros1/glnxa64/ros1/share/genmsg/cmake/../../../lib/genmsg/genmsg_check_deps.py mav_msgs /home/leeandy/Desktop/ICL_controller/Gazebo_simulation/mav_comm/matlab_msg_gen_ros1/glnxa64/src/mav_msgs/msg/Actuators.msg std_msgs/Header
[11/78] cd /home/leeandy/Desktop/ICL_controller/Gazebo_simulation/mav_comm/matlab_msg_gen_ros1/glnxa64/build/mav_planning_msgs && /home/leeandy/Desktop/ICL_controller/Gazebo_simulation/mav_comm/matlab_msg_gen_ros1/glnxa64/build/catkin_generated/env_cached.sh /home/leeandy/.matlab/R2021b/ros1/glnxa64/venv/bin/python2 /home/leeandy/MATLAB_2021b/sys/ros1/glnxa64/ros1/share/genmsg/cmake/../../../lib/genmsg/genmsg_check_deps.py mav_planning_msgs /home/leeandy/Desktop/ICL_controller/Gazebo_simulation/mav_comm/matlab_msg_gen_ros1/glnxa64/src/mav_planning_msgs/msg/Polygon2D.msg mav_planning_msgs/Point2D
[12/78] cd /home/leeandy/Desktop/ICL_controller/Gazebo_simulation/mav_comm/matlab_msg_gen_ros1/glnxa64/build/mav_planning_msgs && /home/leeandy/Desktop/ICL_controller/Gazebo_simulation/mav_comm/matlab_msg_gen_ros1/glnxa64/build/catkin_generated/env_cached.sh /home/leeandy/.matlab/R2021b/ros1/glnxa64/venv/bin/python2 /home/leeandy/MATLAB_2021b/sys/ros1/glnxa64/ros1/share/genmsg/cmake/../../../lib/genmsg/genmsg_check_deps.py mav_planning_msgs /home/leeandy/Desktop/ICL_controller/Gazebo_simulation/mav_comm/matlab_msg_gen_ros1/glnxa64/src/mav_planning_msgs/srv/PolygonService.srv mav_planning_msgs/PolygonWithHoles:mav_planning_msgs/PolygonWithHolesStamped:mav_planning_msgs/Polygon2D:std_msgs/Header:mav_planning_msgs/Point2D
[13/78] cd /home/leeandy/Desktop/ICL_controller/Gazebo_simulation/mav_comm/matlab_msg_gen_ros1/glnxa64/build/mav_planning_msgs && /home/leeandy/Desktop/ICL_controller/Gazebo_simulation/mav_comm/matlab_msg_gen_ros1/glnxa64/build/catkin_generated/env_cached.sh /home/leeandy/.matlab/R2021b/ros1/glnxa64/venv/bin/python2 /home/leeandy/MATLAB_2021b/sys/ros1/glnxa64/ros1/share/genmsg/cmake/../../../lib/genmsg/genmsg_check_deps.py mav_planning_msgs /home/leeandy/Desktop/ICL_controller/Gazebo_simulation/mav_comm/matlab_msg_gen_ros1/glnxa64/src/mav_planning_msgs/msg/PolynomialTrajectory4D.msg mav_planning_msgs/PolynomialSegment4D:std_msgs/Header
[14/78] cd /home/leeandy/Desktop/ICL_controller/Gazebo_simulation/mav_comm/matlab_msg_gen_ros1/glnxa64/build/mav_planning_msgs && /home/leeandy/Desktop/ICL_controller/Gazebo_simulation/mav_comm/matlab_msg_gen_ros1/glnxa64/build/catkin_generated/env_cached.sh /home/leeandy/.matlab/R2021b/ros1/glnxa64/venv/bin/python2 /home/leeandy/MATLAB_2021b/sys/ros1/glnxa64/ros1/share/genmsg/cmake/../../../lib/genmsg/genmsg_check_deps.py mav_planning_msgs /home/leeandy/Desktop/ICL_controller/Gazebo_simulation/mav_comm/matlab_msg_gen_ros1/glnxa64/src/mav_planning_msgs/msg/PointCloudWithPose.msg geometry_msgs/Quaternion:sensor_msgs/PointField:geometry_msgs/TransformStamped:sensor_msgs/PointCloud2:geometry_msgs/Transform:geometry_msgs/Vector3:std_msgs/Header
[15/78] cd /home/leeandy/Desktop/ICL_controller/Gazebo_simulation/mav_comm/matlab_msg_gen_ros1/glnxa64/build/mav_planning_msgs && /home/leeandy/Desktop/ICL_controller/Gazebo_simulation/mav_comm/matlab_msg_gen_ros1/glnxa64/build/catkin_generated/env_cached.sh /home/leeandy/.matlab/R2021b/ros1/glnxa64/venv/bin/python2 /home/leeandy/MATLAB_2021b/sys/ros1/glnxa64/ros1/share/genmsg/cmake/../../../lib/genmsg/genmsg_check_deps.py mav_planning_msgs /home/leeandy/Desktop/ICL_controller/Gazebo_simulation/mav_comm/matlab_msg_gen_ros1/glnxa64/src/mav_planning_msgs/msg/Point2D.msg
[16/78] cd /home/leeandy/Desktop/ICL_controller/Gazebo_simulation/mav_comm/matlab_msg_gen_ros1/glnxa64/build/mav_planning_msgs && /home/leeandy/Desktop/ICL_controller/Gazebo_simulation/mav_comm/matlab_msg_gen_ros1/glnxa64/build/catkin_generated/env_cached.sh /home/leeandy/.matlab/R2021b/ros1/glnxa64/venv/bin/python2 /home/leeandy/MATLAB_2021b/sys/ros1/glnxa64/ros1/share/genmsg/cmake/../../../lib/genmsg/genmsg_check_deps.py mav_planning_msgs /home/leeandy/Desktop/ICL_controller/Gazebo_simulation/mav_comm/matlab_msg_gen_ros1/glnxa64/src/mav_planning_msgs/msg/PolygonWithHolesStamped.msg mav_planning_msgs/PolygonWithHoles:mav_planning_msgs/Polygon2D:std_msgs/Header:mav_planning_msgs/Point2D
[17/78] cd /home/leeandy/Desktop/ICL_controller/Gazebo_simulation/mav_comm/matlab_msg_gen_ros1/glnxa64/build/mav_planning_msgs && /home/leeandy/Desktop/ICL_controller/Gazebo_simulation/mav_comm/matlab_msg_gen_ros1/glnxa64/build/catkin_generated/env_cached.sh /home/leeandy/.matlab/R2021b/ros1/glnxa64/venv/bin/python2 /home/leeandy/MATLAB_2021b/sys/ros1/glnxa64/ros1/share/genmsg/cmake/../../../lib/genmsg/genmsg_check_deps.py mav_planning_msgs /home/leeandy/Desktop/ICL_controller/Gazebo_simulation/mav_comm/matlab_msg_gen_ros1/glnxa64/src/mav_planning_msgs/msg/PolygonWithHoles.msg mav_planning_msgs/Polygon2D:mav_planning_msgs/Point2D
[18/78] cd /home/leeandy/Desktop/ICL_controller/Gazebo_simulation/mav_comm/matlab_msg_gen_ros1/glnxa64/build/mav_planning_msgs && /home/leeandy/Desktop/ICL_controller/Gazebo_simulation/mav_comm/matlab_msg_gen_ros1/glnxa64/build/catkin_generated/env_cached.sh /home/leeandy/.matlab/R2021b/ros1/glnxa64/venv/bin/python2 /home/leeandy/MATLAB_2021b/sys/ros1/glnxa64/ros1/share/genmsg/cmake/../../../lib/genmsg/genmsg_check_deps.py mav_planning_msgs /home/leeandy/Desktop/ICL_controller/Gazebo_simulation/mav_comm/matlab_msg_gen_ros1/glnxa64/src/mav_planning_msgs/msg/PolynomialSegment4D.msg std_msgs/Header
[19/78] Generating Python from MSG mav_msgs/Actuators
[20/78] Generating Python from MSG mav_msgs/FilteredSensorData
[21/78] Generating Python from MSG mav_msgs/AttitudeThrust
[22/78] Generating C++ code from mav_msgs/AttitudeThrust.msg
[23/78] Generating C++ code from mav_msgs/FilteredSensorData.msg
[24/78] Generating C++ code from mav_msgs/Status.msg
[25/78] Generating C++ code from mav_msgs/RateThrust.msg
[26/78] Generating C++ code from mav_msgs/Actuators.msg
[27/78] Generating C++ code from mav_msgs/RollPitchYawrateThrust.msg
[28/78] Generating C++ code from mav_msgs/TorqueThrust.msg
[29/78] Generating C++ code from mav_msgs/System_pose.msg
[30/78] Generating C++ code from mav_msgs/GpsWaypoint.msg
[31/78] Generating Python from MSG mav_msgs/GpsWaypoint
[32/78] Generating Python from MSG mav_msgs/RollPitchYawrateThrust
[33/78] Generating Python from MSG mav_msgs/RateThrust
[34/78] Generating Python from MSG mav_msgs/TorqueThrust
[35/78] Generating Python from MSG mav_msgs/Status
[36/78] Generating Python from MSG mav_msgs/System_pose
[37/78] Generating Python code from SRV mav_planning_msgs/PolygonService
[38/78] Generating C++ code from mav_planning_msgs/Polygon2D.msg
[39/78] Generating C++ code from mav_planning_msgs/Point2D.msg
[40/78] Generating C++ code from mav_planning_msgs/PointCloudWithPose.msg
[41/78] Generating Python from MSG mav_planning_msgs/PolygonWithHolesStamped
[42/78] Generating C++ code from mav_planning_msgs/PolygonWithHolesStamped.msg
[43/78] Generating C++ code from mav_planning_msgs/PolygonWithHoles.msg
[44/78] Generating Python from MSG mav_planning_msgs/Point2D
[45/78] Generating C++ code from mav_planning_msgs/PlannerService.srv
[46/78] Generating Python msg __init__.py for mav_msgs
[47/78] Generating C++ code from mav_planning_msgs/PolynomialTrajectory4D.msg
[48/78] Generating C++ code from mav_planning_msgs/PolynomialSegment4D.msg
[49/78] Generating C++ code from mav_planning_msgs/PolygonService.srv
[50/78] Generating Python from MSG mav_planning_msgs/PointCloudWithPose
[51/78] Generating Python from MSG mav_planning_msgs/PolynomialTrajectory4D
[52/78] Generating Python from MSG mav_planning_msgs/PolynomialSegment4D
[53/78] Generating Python from MSG mav_planning_msgs/Polygon2D
[54/78] Generating Python from MSG mav_planning_msgs/PolygonWithHoles
[55/78] Generating Python code from SRV mav_planning_msgs/PlannerService
[56/78] Generating Python msg __init__.py for mav_planning_msgs
[57/78] Generating Python srv __init__.py for mav_planning_msgs
[58/78] Building CXX object mav_planning_msgs/CMakeFiles/mav_planning_msgs_matlab.dir/src/mav_planning_msgs_Point2D_message.cpp.o
[59/78] Building CXX object mav_msgs/CMakeFiles/mav_msgs_matlab.dir/src/mav_msgs_TorqueThrust_message.cpp.o
[60/78] Building CXX object mav_msgs/CMakeFiles/mav_msgs_matlab.dir/src/mav_msgs_GpsWaypoint_message.cpp.o
[61/78] Building CXX object mav_msgs/CMakeFiles/mav_msgs_matlab.dir/src/mav_msgs_RateThrust_message.cpp.o
[62/78] Building CXX object mav_planning_msgs/CMakeFiles/mav_planning_msgs_matlab.dir/src/mav_planning_msgs_Polygon2D_message.cpp.o
[63/78] Building CXX object mav_msgs/CMakeFiles/mav_msgs_matlab.dir/src/mav_msgs_RollPitchYawrateThrust_message.cpp.o
[64/78] Building CXX object mav_msgs/CMakeFiles/mav_msgs_matlab.dir/src/mav_msgs_AttitudeThrust_message.cpp.o
[65/78] Building CXX object mav_msgs/CMakeFiles/mav_msgs_matlab.dir/src/mav_msgs_FilteredSensorData_message.cpp.o
[66/78] Building CXX object mav_msgs/CMakeFiles/mav_msgs_matlab.dir/src/mav_msgs_Status_message.cpp.o
[67/78] Building CXX object mav_msgs/CMakeFiles/mav_msgs_matlab.dir/src/mav_msgs_Actuators_message.cpp.o
[68/78] Building CXX object mav_msgs/CMakeFiles/mav_msgs_matlab.dir/src/mav_msgs_System_pose_message.cpp.o
[69/78] Building CXX object mav_planning_msgs/CMakeFiles/mav_planning_msgs_matlab.dir/src/mav_planning_msgs_PointCloudWithPose_message.cpp.o
[70/78] Linking CXX shared library /home/leeandy/Desktop/ICL_controller/Gazebo_simulation/mav_comm/matlab_msg_gen_ros1/glnxa64/devel/lib/libmav_msgs_matlab.so
[71/78] Building CXX object mav_planning_msgs/CMakeFiles/mav_planning_msgs_matlab.dir/src/mav_planning_msgs_PolygonWithHoles_message.cpp.o
[72/78] Building CXX object mav_planning_msgs/CMakeFiles/mav_planning_msgs_matlab.dir/src/mav_planning_msgs_PolygonWithHolesStamped_message.cpp.o
[73/78] Building CXX object mav_planning_msgs/CMakeFiles/mav_planning_msgs_matlab.dir/src/mav_planning_msgs_PolynomialSegment4D_message.cpp.o
[74/78] Building CXX object mav_planning_msgs/CMakeFiles/mav_planning_msgs_matlab.dir/src/mav_planning_msgs_PolynomialTrajectory4D_message.cpp.o
[75/78] Building CXX object mav_planning_msgs/CMakeFiles/mav_planning_msgs_matlab.dir/src/mav_planning_msgs_PolygonService_service.cpp.o
[76/78] Building CXX object mav_planning_msgs/CMakeFiles/mav_planning_msgs_matlab.dir/src/mav_planning_msgs_PlannerService_service.cpp.o
[77/78] Linking CXX shared library /home/leeandy/Desktop/ICL_controller/Gazebo_simulation/mav_comm/matlab_msg_gen_ros1/glnxa64/devel/lib/libmav_planning_msgs_matlab.so
[77/78] Install the project...
-- Install configuration: "Release"
-- Installing: /home/leeandy/Desktop/ICL_controller/Gazebo_simulation/mav_comm/matlab_msg_gen_ros1/glnxa64/install/_setup_util.py
-- Installing: /home/leeandy/Desktop/ICL_controller/Gazebo_simulation/mav_comm/matlab_msg_gen_ros1/glnxa64/install/env.sh
-- Installing: /home/leeandy/Desktop/ICL_controller/Gazebo_simulation/mav_comm/matlab_msg_gen_ros1/glnxa64/install/setup.bash
-- Installing: /home/leeandy/Desktop/ICL_controller/Gazebo_simulation/mav_comm/matlab_msg_gen_ros1/glnxa64/install/local_setup.bash
-- Installing: /home/leeandy/Desktop/ICL_controller/Gazebo_simulation/mav_comm/matlab_msg_gen_ros1/glnxa64/install/setup.sh
-- Installing: /home/leeandy/Desktop/ICL_controller/Gazebo_simulation/mav_comm/matlab_msg_gen_ros1/glnxa64/install/local_setup.sh
-- Installing: /home/leeandy/Desktop/ICL_controller/Gazebo_simulation/mav_comm/matlab_msg_gen_ros1/glnxa64/install/setup.zsh
-- Installing: /home/leeandy/Desktop/ICL_controller/Gazebo_simulation/mav_comm/matlab_msg_gen_ros1/glnxa64/install/local_setup.zsh
-- Installing: /home/leeandy/Desktop/ICL_controller/Gazebo_simulation/mav_comm/matlab_msg_gen_ros1/glnxa64/install/.rosinstall
-- Installing: /home/leeandy/Desktop/ICL_controller/Gazebo_simulation/mav_comm/matlab_msg_gen_ros1/glnxa64/install/share/mav_msgs/msg/Actuators.msg
-- Installing: /home/leeandy/Desktop/ICL_controller/Gazebo_simulation/mav_comm/matlab_msg_gen_ros1/glnxa64/install/share/mav_msgs/msg/AttitudeThrust.msg
-- Installing: /home/leeandy/Desktop/ICL_controller/Gazebo_simulation/mav_comm/matlab_msg_gen_ros1/glnxa64/install/share/mav_msgs/msg/FilteredSensorData.msg
-- Installing: /home/leeandy/Desktop/ICL_controller/Gazebo_simulation/mav_comm/matlab_msg_gen_ros1/glnxa64/install/share/mav_msgs/msg/GpsWaypoint.msg
-- Installing: /home/leeandy/Desktop/ICL_controller/Gazebo_simulation/mav_comm/matlab_msg_gen_ros1/glnxa64/install/share/mav_msgs/msg/RateThrust.msg
-- Installing: /home/leeandy/Desktop/ICL_controller/Gazebo_simulation/mav_comm/matlab_msg_gen_ros1/glnxa64/install/share/mav_msgs/msg/RollPitchYawrateThrust.msg
-- Installing: /home/leeandy/Desktop/ICL_controller/Gazebo_simulation/mav_comm/matlab_msg_gen_ros1/glnxa64/install/share/mav_msgs/msg/Status.msg
-- Installing: /home/leeandy/Desktop/ICL_controller/Gazebo_simulation/mav_comm/matlab_msg_gen_ros1/glnxa64/install/share/mav_msgs/msg/System_pose.msg
-- Installing: /home/leeandy/Desktop/ICL_controller/Gazebo_simulation/mav_comm/matlab_msg_gen_ros1/glnxa64/install/share/mav_msgs/msg/TorqueThrust.msg
-- Installing: /home/leeandy/Desktop/ICL_controller/Gazebo_simulation/mav_comm/matlab_msg_gen_ros1/glnxa64/install/share/mav_msgs/cmake/mav_msgs-msg-paths.cmake
-- Installing: /home/leeandy/Desktop/ICL_controller/Gazebo_simulation/mav_comm/matlab_msg_gen_ros1/glnxa64/install/include/mav_msgs
-- Installing: /home/leeandy/Desktop/ICL_controller/Gazebo_simulation/mav_comm/matlab_msg_gen_ros1/glnxa64/install/include/mav_msgs/AttitudeThrust.h
-- Installing: /home/leeandy/Desktop/ICL_controller/Gazebo_simulation/mav_comm/matlab_msg_gen_ros1/glnxa64/install/include/mav_msgs/GpsWaypoint.h
-- Installing: /home/leeandy/Desktop/ICL_controller/Gazebo_simulation/mav_comm/matlab_msg_gen_ros1/glnxa64/install/include/mav_msgs/TorqueThrust.h
-- Installing: /home/leeandy/Desktop/ICL_controller/Gazebo_simulation/mav_comm/matlab_msg_gen_ros1/glnxa64/install/include/mav_msgs/RateThrust.h
-- Installing: /home/leeandy/Desktop/ICL_controller/Gazebo_simulation/mav_comm/matlab_msg_gen_ros1/glnxa64/install/include/mav_msgs/RollPitchYawrateThrust.h
-- Installing: /home/leeandy/Desktop/ICL_controller/Gazebo_simulation/mav_comm/matlab_msg_gen_ros1/glnxa64/install/include/mav_msgs/FilteredSensorData.h
-- Installing: /home/leeandy/Desktop/ICL_controller/Gazebo_simulation/mav_comm/matlab_msg_gen_ros1/glnxa64/install/include/mav_msgs/System_pose.h
-- Installing: /home/leeandy/Desktop/ICL_controller/Gazebo_simulation/mav_comm/matlab_msg_gen_ros1/glnxa64/install/include/mav_msgs/Actuators.h
-- Installing: /home/leeandy/Desktop/ICL_controller/Gazebo_simulation/mav_comm/matlab_msg_gen_ros1/glnxa64/install/include/mav_msgs/Status.h
Listing /home/leeandy/Desktop/ICL_controller/Gazebo_simulation/mav_comm/matlab_msg_gen_ros1/glnxa64/devel/lib/python2.7/dist-packages/mav_msgs ...
Compiling /home/leeandy/Desktop/ICL_controller/Gazebo_simulation/mav_comm/matlab_msg_gen_ros1/glnxa64/devel/lib/python2.7/dist-packages/mav_msgs/__init__.py ...
Listing /home/leeandy/Desktop/ICL_controller/Gazebo_simulation/mav_comm/matlab_msg_gen_ros1/glnxa64/devel/lib/python2.7/dist-packages/mav_msgs/msg ...
Compiling /home/leeandy/Desktop/ICL_controller/Gazebo_simulation/mav_comm/matlab_msg_gen_ros1/glnxa64/devel/lib/python2.7/dist-packages/mav_msgs/msg/_Actuators.py ...
Compiling /home/leeandy/Desktop/ICL_controller/Gazebo_simulation/mav_comm/matlab_msg_gen_ros1/glnxa64/devel/lib/python2.7/dist-packages/mav_msgs/msg/_AttitudeThrust.py ...
Compiling /home/leeandy/Desktop/ICL_controller/Gazebo_simulation/mav_comm/matlab_msg_gen_ros1/glnxa64/devel/lib/python2.7/dist-packages/mav_msgs/msg/_FilteredSensorData.py ...
Compiling /home/leeandy/Desktop/ICL_controller/Gazebo_simulation/mav_comm/matlab_msg_gen_ros1/glnxa64/devel/lib/python2.7/dist-packages/mav_msgs/msg/_GpsWaypoint.py ...
Compiling /home/leeandy/Desktop/ICL_controller/Gazebo_simulation/mav_comm/matlab_msg_gen_ros1/glnxa64/devel/lib/python2.7/dist-packages/mav_msgs/msg/_RateThrust.py ...
Compiling /home/leeandy/Desktop/ICL_controller/Gazebo_simulation/mav_comm/matlab_msg_gen_ros1/glnxa64/devel/lib/python2.7/dist-packages/mav_msgs/msg/_RollPitchYawrateThrust.py ...
Compiling /home/leeandy/Desktop/ICL_controller/Gazebo_simulation/mav_comm/matlab_msg_gen_ros1/glnxa64/devel/lib/python2.7/dist-packages/mav_msgs/msg/_Status.py ...
Compiling /home/leeandy/Desktop/ICL_controller/Gazebo_simulation/mav_comm/matlab_msg_gen_ros1/glnxa64/devel/lib/python2.7/dist-packages/mav_msgs/msg/_System_pose.py ...
Compiling /home/leeandy/Desktop/ICL_controller/Gazebo_simulation/mav_comm/matlab_msg_gen_ros1/glnxa64/devel/lib/python2.7/dist-packages/mav_msgs/msg/_TorqueThrust.py ...
Compiling /home/leeandy/Desktop/ICL_controller/Gazebo_simulation/mav_comm/matlab_msg_gen_ros1/glnxa64/devel/lib/python2.7/dist-packages/mav_msgs/msg/__init__.py ...
-- Installing: /home/leeandy/Desktop/ICL_controller/Gazebo_simulation/mav_comm/matlab_msg_gen_ros1/glnxa64/install/lib/python2.7/dist-packages/mav_msgs
-- Installing: /home/leeandy/Desktop/ICL_controller/Gazebo_simulation/mav_comm/matlab_msg_gen_ros1/glnxa64/install/lib/python2.7/dist-packages/mav_msgs/msg
-- Installing: /home/leeandy/Desktop/ICL_controller/Gazebo_simulation/mav_comm/matlab_msg_gen_ros1/glnxa64/install/lib/python2.7/dist-packages/mav_msgs/msg/_TorqueThrust.py
-- Installing: /home/leeandy/Desktop/ICL_controller/Gazebo_simulation/mav_comm/matlab_msg_gen_ros1/glnxa64/install/lib/python2.7/dist-packages/mav_msgs/msg/_System_pose.pyc
-- Installing: /home/leeandy/Desktop/ICL_controller/Gazebo_simulation/mav_comm/matlab_msg_gen_ros1/glnxa64/install/lib/python2.7/dist-packages/mav_msgs/msg/_Status.pyc
-- Installing: /home/leeandy/Desktop/ICL_controller/Gazebo_simulation/mav_comm/matlab_msg_gen_ros1/glnxa64/install/lib/python2.7/dist-packages/mav_msgs/msg/_AttitudeThrust.pyc
-- Installing: /home/leeandy/Desktop/ICL_controller/Gazebo_simulation/mav_comm/matlab_msg_gen_ros1/glnxa64/install/lib/python2.7/dist-packages/mav_msgs/msg/_RateThrust.py
-- Installing: /home/leeandy/Desktop/ICL_controller/Gazebo_simulation/mav_comm/matlab_msg_gen_ros1/glnxa64/install/lib/python2.7/dist-packages/mav_msgs/msg/__init__.py
-- Installing: /home/leeandy/Desktop/ICL_controller/Gazebo_simulation/mav_comm/matlab_msg_gen_ros1/glnxa64/install/lib/python2.7/dist-packages/mav_msgs/msg/_RollPitchYawrateThrust.pyc
-- Installing: /home/leeandy/Desktop/ICL_controller/Gazebo_simulation/mav_comm/matlab_msg_gen_ros1/glnxa64/install/lib/python2.7/dist-packages/mav_msgs/msg/_FilteredSensorData.py
-- Installing: /home/leeandy/Desktop/ICL_controller/Gazebo_simulation/mav_comm/matlab_msg_gen_ros1/glnxa64/install/lib/python2.7/dist-packages/mav_msgs/msg/_GpsWaypoint.py
-- Installing: /home/leeandy/Desktop/ICL_controller/Gazebo_simulation/mav_comm/matlab_msg_gen_ros1/glnxa64/install/lib/python2.7/dist-packages/mav_msgs/msg/_Actuators.py
-- Installing: /home/leeandy/Desktop/ICL_controller/Gazebo_simulation/mav_comm/matlab_msg_gen_ros1/glnxa64/install/lib/python2.7/dist-packages/mav_msgs/msg/_Status.py
-- Installing: /home/leeandy/Desktop/ICL_controller/Gazebo_simulation/mav_comm/matlab_msg_gen_ros1/glnxa64/install/lib/python2.7/dist-packages/mav_msgs/msg/_Actuators.pyc
-- Installing: /home/leeandy/Desktop/ICL_controller/Gazebo_simulation/mav_comm/matlab_msg_gen_ros1/glnxa64/install/lib/python2.7/dist-packages/mav_msgs/msg/_TorqueThrust.pyc
-- Installing: /home/leeandy/Desktop/ICL_controller/Gazebo_simulation/mav_comm/matlab_msg_gen_ros1/glnxa64/install/lib/python2.7/dist-packages/mav_msgs/msg/_AttitudeThrust.py
-- Installing: /home/leeandy/Desktop/ICL_controller/Gazebo_simulation/mav_comm/matlab_msg_gen_ros1/glnxa64/install/lib/python2.7/dist-packages/mav_msgs/msg/__init__.pyc
-- Installing: /home/leeandy/Desktop/ICL_controller/Gazebo_simulation/mav_comm/matlab_msg_gen_ros1/glnxa64/install/lib/python2.7/dist-packages/mav_msgs/msg/_System_pose.py
-- Installing: /home/leeandy/Desktop/ICL_controller/Gazebo_simulation/mav_comm/matlab_msg_gen_ros1/glnxa64/install/lib/python2.7/dist-packages/mav_msgs/msg/_RateThrust.pyc
-- Installing: /home/leeandy/Desktop/ICL_controller/Gazebo_simulation/mav_comm/matlab_msg_gen_ros1/glnxa64/install/lib/python2.7/dist-packages/mav_msgs/msg/_RollPitchYawrateThrust.py
-- Installing: /home/leeandy/Desktop/ICL_controller/Gazebo_simulation/mav_comm/matlab_msg_gen_ros1/glnxa64/install/lib/python2.7/dist-packages/mav_msgs/msg/_FilteredSensorData.pyc
-- Installing: /home/leeandy/Desktop/ICL_controller/Gazebo_simulation/mav_comm/matlab_msg_gen_ros1/glnxa64/install/lib/python2.7/dist-packages/mav_msgs/msg/_GpsWaypoint.pyc
-- Installing: /home/leeandy/Desktop/ICL_controller/Gazebo_simulation/mav_comm/matlab_msg_gen_ros1/glnxa64/install/lib/python2.7/dist-packages/mav_msgs/__init__.py
-- Installing: /home/leeandy/Desktop/ICL_controller/Gazebo_simulation/mav_comm/matlab_msg_gen_ros1/glnxa64/install/lib/python2.7/dist-packages/mav_msgs/__init__.pyc
-- Installing: /home/leeandy/Desktop/ICL_controller/Gazebo_simulation/mav_comm/matlab_msg_gen_ros1/glnxa64/install/lib/pkgconfig/mav_msgs.pc
-- Installing: /home/leeandy/Desktop/ICL_controller/Gazebo_simulation/mav_comm/matlab_msg_gen_ros1/glnxa64/install/share/mav_msgs/cmake/mav_msgs-msg-extras.cmake
-- Installing: /home/leeandy/Desktop/ICL_controller/Gazebo_simulation/mav_comm/matlab_msg_gen_ros1/glnxa64/install/share/mav_msgs/cmake/mav_msgsConfig.cmake
-- Installing: /home/leeandy/Desktop/ICL_controller/Gazebo_simulation/mav_comm/matlab_msg_gen_ros1/glnxa64/install/share/mav_msgs/cmake/mav_msgsConfig-version.cmake
-- Installing: /home/leeandy/Desktop/ICL_controller/Gazebo_simulation/mav_comm/matlab_msg_gen_ros1/glnxa64/install/share/mav_msgs/package.xml
-- Up-to-date: /home/leeandy/Desktop/ICL_controller/Gazebo_simulation/mav_comm/matlab_msg_gen_ros1/glnxa64/install/include
-- Up-to-date: /home/leeandy/Desktop/ICL_controller/Gazebo_simulation/mav_comm/matlab_msg_gen_ros1/glnxa64/install/include/mav_msgs
-- Installing: /home/leeandy/Desktop/ICL_controller/Gazebo_simulation/mav_comm/matlab_msg_gen_ros1/glnxa64/install/include/mav_msgs/visibility_control.h
-- Installing: /home/leeandy/Desktop/ICL_controller/Gazebo_simulation/mav_comm/matlab_msg_gen_ros1/glnxa64/install/lib/libmav_msgs_matlab.so
-- Installing: /home/leeandy/Desktop/ICL_controller/Gazebo_simulation/mav_comm/matlab_msg_gen_ros1/glnxa64/install/m/
-- Installing: /home/leeandy/Desktop/ICL_controller/Gazebo_simulation/mav_comm/matlab_msg_gen_ros1/glnxa64/install/m//+ros
-- Installing: /home/leeandy/Desktop/ICL_controller/Gazebo_simulation/mav_comm/matlab_msg_gen_ros1/glnxa64/install/m//+ros/+msggen
-- Installing: /home/leeandy/Desktop/ICL_controller/Gazebo_simulation/mav_comm/matlab_msg_gen_ros1/glnxa64/install/m//+ros/+msggen/+mav_msgs
-- Installing: /home/leeandy/Desktop/ICL_controller/Gazebo_simulation/mav_comm/matlab_msg_gen_ros1/glnxa64/install/m//+ros/+msggen/+mav_msgs/TorqueThrust.m
-- Installing: /home/leeandy/Desktop/ICL_controller/Gazebo_simulation/mav_comm/matlab_msg_gen_ros1/glnxa64/install/m//+ros/+msggen/+mav_msgs/RollPitchYawrateThrust.m
-- Installing: /home/leeandy/Desktop/ICL_controller/Gazebo_simulation/mav_comm/matlab_msg_gen_ros1/glnxa64/install/m//+ros/+msggen/+mav_msgs/Actuators.m
-- Installing: /home/leeandy/Desktop/ICL_controller/Gazebo_simulation/mav_comm/matlab_msg_gen_ros1/glnxa64/install/m//+ros/+msggen/+mav_msgs/AttitudeThrust.m
-- Installing: /home/leeandy/Desktop/ICL_controller/Gazebo_simulation/mav_comm/matlab_msg_gen_ros1/glnxa64/install/m//+ros/+msggen/+mav_msgs/RateThrust.m
-- Installing: /home/leeandy/Desktop/ICL_controller/Gazebo_simulation/mav_comm/matlab_msg_gen_ros1/glnxa64/install/m//+ros/+msggen/+mav_msgs/Status.m
-- Installing: /home/leeandy/Desktop/ICL_controller/Gazebo_simulation/mav_comm/matlab_msg_gen_ros1/glnxa64/install/m//+ros/+msggen/+mav_msgs/System_pose.m
-- Installing: /home/leeandy/Desktop/ICL_controller/Gazebo_simulation/mav_comm/matlab_msg_gen_ros1/glnxa64/install/m//+ros/+msggen/+mav_msgs/GpsWaypoint.m
-- Installing: /home/leeandy/Desktop/ICL_controller/Gazebo_simulation/mav_comm/matlab_msg_gen_ros1/glnxa64/install/m//+ros/+msggen/+mav_msgs/FilteredSensorData.m
-- Installing: /home/leeandy/Desktop/ICL_controller/Gazebo_simulation/mav_comm/matlab_msg_gen_ros1/glnxa64/install/m//+ros/+internal
-- Installing: /home/leeandy/Desktop/ICL_controller/Gazebo_simulation/mav_comm/matlab_msg_gen_ros1/glnxa64/install/m//+ros/+internal/+ros
-- Installing: /home/leeandy/Desktop/ICL_controller/Gazebo_simulation/mav_comm/matlab_msg_gen_ros1/glnxa64/install/m//+ros/+internal/+ros/+custommessages
-- Installing: /home/leeandy/Desktop/ICL_controller/Gazebo_simulation/mav_comm/matlab_msg_gen_ros1/glnxa64/install/m//+ros/+internal/+ros/+custommessages/+mav_msgs
-- Installing: /home/leeandy/Desktop/ICL_controller/Gazebo_simulation/mav_comm/matlab_msg_gen_ros1/glnxa64/install/m//+ros/+internal/+ros/+custommessages/+mav_msgs/system_pose.m
-- Installing: /home/leeandy/Desktop/ICL_controller/Gazebo_simulation/mav_comm/matlab_msg_gen_ros1/glnxa64/install/m//+ros/+internal/+ros/+custommessages/+mav_msgs/rollPitchYawrateThrust.m
-- Installing: /home/leeandy/Desktop/ICL_controller/Gazebo_simulation/mav_comm/matlab_msg_gen_ros1/glnxa64/install/m//+ros/+internal/+ros/+custommessages/+mav_msgs/gpsWaypoint.m
-- Installing: /home/leeandy/Desktop/ICL_controller/Gazebo_simulation/mav_comm/matlab_msg_gen_ros1/glnxa64/install/m//+ros/+internal/+ros/+custommessages/+mav_msgs/status.m
-- Installing: /home/leeandy/Desktop/ICL_controller/Gazebo_simulation/mav_comm/matlab_msg_gen_ros1/glnxa64/install/m//+ros/+internal/+ros/+custommessages/+mav_msgs/filteredSensorData.m
-- Installing: /home/leeandy/Desktop/ICL_controller/Gazebo_simulation/mav_comm/matlab_msg_gen_ros1/glnxa64/install/m//+ros/+internal/+ros/+custommessages/+mav_msgs/attitudeThrust.m
-- Installing: /home/leeandy/Desktop/ICL_controller/Gazebo_simulation/mav_comm/matlab_msg_gen_ros1/glnxa64/install/m//+ros/+internal/+ros/+custommessages/+mav_msgs/actuators.m
-- Installing: /home/leeandy/Desktop/ICL_controller/Gazebo_simulation/mav_comm/matlab_msg_gen_ros1/glnxa64/install/m//+ros/+internal/+ros/+custommessages/+mav_msgs/torqueThrust.m
-- Installing: /home/leeandy/Desktop/ICL_controller/Gazebo_simulation/mav_comm/matlab_msg_gen_ros1/glnxa64/install/m//+ros/+internal/+ros/+custommessages/+mav_msgs/rateThrust.m
-- Installing: /home/leeandy/Desktop/ICL_controller/Gazebo_simulation/mav_comm/matlab_msg_gen_ros1/glnxa64/install/share/mav_planning_msgs/msg/Point2D.msg
-- Installing: /home/leeandy/Desktop/ICL_controller/Gazebo_simulation/mav_comm/matlab_msg_gen_ros1/glnxa64/install/share/mav_planning_msgs/msg/PointCloudWithPose.msg
-- Installing: /home/leeandy/Desktop/ICL_controller/Gazebo_simulation/mav_comm/matlab_msg_gen_ros1/glnxa64/install/share/mav_planning_msgs/msg/Polygon2D.msg
-- Installing: /home/leeandy/Desktop/ICL_controller/Gazebo_simulation/mav_comm/matlab_msg_gen_ros1/glnxa64/install/share/mav_planning_msgs/msg/PolygonWithHoles.msg
-- Installing: /home/leeandy/Desktop/ICL_controller/Gazebo_simulation/mav_comm/matlab_msg_gen_ros1/glnxa64/install/share/mav_planning_msgs/msg/PolygonWithHolesStamped.msg
-- Installing: /home/leeandy/Desktop/ICL_controller/Gazebo_simulation/mav_comm/matlab_msg_gen_ros1/glnxa64/install/share/mav_planning_msgs/msg/PolynomialSegment4D.msg
-- Installing: /home/leeandy/Desktop/ICL_controller/Gazebo_simulation/mav_comm/matlab_msg_gen_ros1/glnxa64/install/share/mav_planning_msgs/msg/PolynomialTrajectory4D.msg
-- Installing: /home/leeandy/Desktop/ICL_controller/Gazebo_simulation/mav_comm/matlab_msg_gen_ros1/glnxa64/install/share/mav_planning_msgs/srv/PlannerService.srv
-- Installing: /home/leeandy/Desktop/ICL_controller/Gazebo_simulation/mav_comm/matlab_msg_gen_ros1/glnxa64/install/share/mav_planning_msgs/srv/PolygonService.srv
-- Installing: /home/leeandy/Desktop/ICL_controller/Gazebo_simulation/mav_comm/matlab_msg_gen_ros1/glnxa64/install/share/mav_planning_msgs/cmake/mav_planning_msgs-msg-paths.cmake
-- Installing: /home/leeandy/Desktop/ICL_controller/Gazebo_simulation/mav_comm/matlab_msg_gen_ros1/glnxa64/install/include/mav_planning_msgs
-- Installing: /home/leeandy/Desktop/ICL_controller/Gazebo_simulation/mav_comm/matlab_msg_gen_ros1/glnxa64/install/include/mav_planning_msgs/PolynomialSegment4D.h
-- Installing: /home/leeandy/Desktop/ICL_controller/Gazebo_simulation/mav_comm/matlab_msg_gen_ros1/glnxa64/install/include/mav_planning_msgs/PolygonWithHoles.h
-- Installing: /home/leeandy/Desktop/ICL_controller/Gazebo_simulation/mav_comm/matlab_msg_gen_ros1/glnxa64/install/include/mav_planning_msgs/PolygonWithHolesStamped.h
-- Installing: /home/leeandy/Desktop/ICL_controller/Gazebo_simulation/mav_comm/matlab_msg_gen_ros1/glnxa64/install/include/mav_planning_msgs/PolygonService.h
-- Installing: /home/leeandy/Desktop/ICL_controller/Gazebo_simulation/mav_comm/matlab_msg_gen_ros1/glnxa64/install/include/mav_planning_msgs/PolygonServiceRequest.h
-- Installing: /home/leeandy/Desktop/ICL_controller/Gazebo_simulation/mav_comm/matlab_msg_gen_ros1/glnxa64/install/include/mav_planning_msgs/PlannerService.h
-- Installing: /home/leeandy/Desktop/ICL_controller/Gazebo_simulation/mav_comm/matlab_msg_gen_ros1/glnxa64/install/include/mav_planning_msgs/PlannerServiceResponse.h
-- Installing: /home/leeandy/Desktop/ICL_controller/Gazebo_simulation/mav_comm/matlab_msg_gen_ros1/glnxa64/install/include/mav_planning_msgs/PolynomialTrajectory4D.h
-- Installing: /home/leeandy/Desktop/ICL_controller/Gazebo_simulation/mav_comm/matlab_msg_gen_ros1/glnxa64/install/include/mav_planning_msgs/PlannerServiceRequest.h
-- Installing: /home/leeandy/Desktop/ICL_controller/Gazebo_simulation/mav_comm/matlab_msg_gen_ros1/glnxa64/install/include/mav_planning_msgs/Polygon2D.h
-- Installing: /home/leeandy/Desktop/ICL_controller/Gazebo_simulation/mav_comm/matlab_msg_gen_ros1/glnxa64/install/include/mav_planning_msgs/PointCloudWithPose.h
-- Installing: /home/leeandy/Desktop/ICL_controller/Gazebo_simulation/mav_comm/matlab_msg_gen_ros1/glnxa64/install/include/mav_planning_msgs/PolygonServiceResponse.h
-- Installing: /home/leeandy/Desktop/ICL_controller/Gazebo_simulation/mav_comm/matlab_msg_gen_ros1/glnxa64/install/include/mav_planning_msgs/Point2D.h
Listing /home/leeandy/Desktop/ICL_controller/Gazebo_simulation/mav_comm/matlab_msg_gen_ros1/glnxa64/devel/lib/python2.7/dist-packages/mav_planning_msgs ...
Compiling /home/leeandy/Desktop/ICL_controller/Gazebo_simulation/mav_comm/matlab_msg_gen_ros1/glnxa64/devel/lib/python2.7/dist-packages/mav_planning_msgs/__init__.py ...
Listing /home/leeandy/Desktop/ICL_controller/Gazebo_simulation/mav_comm/matlab_msg_gen_ros1/glnxa64/devel/lib/python2.7/dist-packages/mav_planning_msgs/msg ...
Compiling /home/leeandy/Desktop/ICL_controller/Gazebo_simulation/mav_comm/matlab_msg_gen_ros1/glnxa64/devel/lib/python2.7/dist-packages/mav_planning_msgs/msg/_Point2D.py ...
Compiling /home/leeandy/Desktop/ICL_controller/Gazebo_simulation/mav_comm/matlab_msg_gen_ros1/glnxa64/devel/lib/python2.7/dist-packages/mav_planning_msgs/msg/_PointCloudWithPose.py ...
Compiling /home/leeandy/Desktop/ICL_controller/Gazebo_simulation/mav_comm/matlab_msg_gen_ros1/glnxa64/devel/lib/python2.7/dist-packages/mav_planning_msgs/msg/_Polygon2D.py ...
Compiling /home/leeandy/Desktop/ICL_controller/Gazebo_simulation/mav_comm/matlab_msg_gen_ros1/glnxa64/devel/lib/python2.7/dist-packages/mav_planning_msgs/msg/_PolygonWithHoles.py ...
Compiling /home/leeandy/Desktop/ICL_controller/Gazebo_simulation/mav_comm/matlab_msg_gen_ros1/glnxa64/devel/lib/python2.7/dist-packages/mav_planning_msgs/msg/_PolygonWithHolesStamped.py ...
Compiling /home/leeandy/Desktop/ICL_controller/Gazebo_simulation/mav_comm/matlab_msg_gen_ros1/glnxa64/devel/lib/python2.7/dist-packages/mav_planning_msgs/msg/_PolynomialSegment4D.py ...
Compiling /home/leeandy/Desktop/ICL_controller/Gazebo_simulation/mav_comm/matlab_msg_gen_ros1/glnxa64/devel/lib/python2.7/dist-packages/mav_planning_msgs/msg/_PolynomialTrajectory4D.py ...
Compiling /home/leeandy/Desktop/ICL_controller/Gazebo_simulation/mav_comm/matlab_msg_gen_ros1/glnxa64/devel/lib/python2.7/dist-packages/mav_planning_msgs/msg/__init__.py ...
Listing /home/leeandy/Desktop/ICL_controller/Gazebo_simulation/mav_comm/matlab_msg_gen_ros1/glnxa64/devel/lib/python2.7/dist-packages/mav_planning_msgs/srv ...
Compiling /home/leeandy/Desktop/ICL_controller/Gazebo_simulation/mav_comm/matlab_msg_gen_ros1/glnxa64/devel/lib/python2.7/dist-packages/mav_planning_msgs/srv/_PlannerService.py ...
Compiling /home/leeandy/Desktop/ICL_controller/Gazebo_simulation/mav_comm/matlab_msg_gen_ros1/glnxa64/devel/lib/python2.7/dist-packages/mav_planning_msgs/srv/_PolygonService.py ...
Compiling /home/leeandy/Desktop/ICL_controller/Gazebo_simulation/mav_comm/matlab_msg_gen_ros1/glnxa64/devel/lib/python2.7/dist-packages/mav_planning_msgs/srv/__init__.py ...
-- Installing: /home/leeandy/Desktop/ICL_controller/Gazebo_simulation/mav_comm/matlab_msg_gen_ros1/glnxa64/install/lib/python2.7/dist-packages/mav_planning_msgs
-- Installing: /home/leeandy/Desktop/ICL_controller/Gazebo_simulation/mav_comm/matlab_msg_gen_ros1/glnxa64/install/lib/python2.7/dist-packages/mav_planning_msgs/msg
-- Installing: /home/leeandy/Desktop/ICL_controller/Gazebo_simulation/mav_comm/matlab_msg_gen_ros1/glnxa64/install/lib/python2.7/dist-packages/mav_planning_msgs/msg/_Polygon2D.py
-- Installing: /home/leeandy/Desktop/ICL_controller/Gazebo_simulation/mav_comm/matlab_msg_gen_ros1/glnxa64/install/lib/python2.7/dist-packages/mav_planning_msgs/msg/_PolygonWithHolesStamped.pyc
-- Installing: /home/leeandy/Desktop/ICL_controller/Gazebo_simulation/mav_comm/matlab_msg_gen_ros1/glnxa64/install/lib/python2.7/dist-packages/mav_planning_msgs/msg/_PolygonWithHoles.pyc
-- Installing: /home/leeandy/Desktop/ICL_controller/Gazebo_simulation/mav_comm/matlab_msg_gen_ros1/glnxa64/install/lib/python2.7/dist-packages/mav_planning_msgs/msg/__init__.py
-- Installing: /home/leeandy/Desktop/ICL_controller/Gazebo_simulation/mav_comm/matlab_msg_gen_ros1/glnxa64/install/lib/python2.7/dist-packages/mav_planning_msgs/msg/_PolynomialTrajectory4D.pyc
-- Installing: /home/leeandy/Desktop/ICL_controller/Gazebo_simulation/mav_comm/matlab_msg_gen_ros1/glnxa64/install/lib/python2.7/dist-packages/mav_planning_msgs/msg/_PolygonWithHolesStamped.py
-- Installing: /home/leeandy/Desktop/ICL_controller/Gazebo_simulation/mav_comm/matlab_msg_gen_ros1/glnxa64/install/lib/python2.7/dist-packages/mav_planning_msgs/msg/_PointCloudWithPose.pyc
-- Installing: /home/leeandy/Desktop/ICL_controller/Gazebo_simulation/mav_comm/matlab_msg_gen_ros1/glnxa64/install/lib/python2.7/dist-packages/mav_planning_msgs/msg/_PolynomialSegment4D.py
-- Installing: /home/leeandy/Desktop/ICL_controller/Gazebo_simulation/mav_comm/matlab_msg_gen_ros1/glnxa64/install/lib/python2.7/dist-packages/mav_planning_msgs/msg/_Point2D.pyc
-- Installing: /home/leeandy/Desktop/ICL_controller/Gazebo_simulation/mav_comm/matlab_msg_gen_ros1/glnxa64/install/lib/python2.7/dist-packages/mav_planning_msgs/msg/__init__.pyc
-- Installing: /home/leeandy/Desktop/ICL_controller/Gazebo_simulation/mav_comm/matlab_msg_gen_ros1/glnxa64/install/lib/python2.7/dist-packages/mav_planning_msgs/msg/_PolynomialSegment4D.pyc
-- Installing: /home/leeandy/Desktop/ICL_controller/Gazebo_simulation/mav_comm/matlab_msg_gen_ros1/glnxa64/install/lib/python2.7/dist-packages/mav_planning_msgs/msg/_Polygon2D.pyc
-- Installing: /home/leeandy/Desktop/ICL_controller/Gazebo_simulation/mav_comm/matlab_msg_gen_ros1/glnxa64/install/lib/python2.7/dist-packages/mav_planning_msgs/msg/_PointCloudWithPose.py
-- Installing: /home/leeandy/Desktop/ICL_controller/Gazebo_simulation/mav_comm/matlab_msg_gen_ros1/glnxa64/install/lib/python2.7/dist-packages/mav_planning_msgs/msg/_PolynomialTrajectory4D.py
-- Installing: /home/leeandy/Desktop/ICL_controller/Gazebo_simulation/mav_comm/matlab_msg_gen_ros1/glnxa64/install/lib/python2.7/dist-packages/mav_planning_msgs/msg/_Point2D.py
-- Installing: /home/leeandy/Desktop/ICL_controller/Gazebo_simulation/mav_comm/matlab_msg_gen_ros1/glnxa64/install/lib/python2.7/dist-packages/mav_planning_msgs/msg/_PolygonWithHoles.py
-- Installing: /home/leeandy/Desktop/ICL_controller/Gazebo_simulation/mav_comm/matlab_msg_gen_ros1/glnxa64/install/lib/python2.7/dist-packages/mav_planning_msgs/__init__.py
-- Installing: /home/leeandy/Desktop/ICL_controller/Gazebo_simulation/mav_comm/matlab_msg_gen_ros1/glnxa64/install/lib/python2.7/dist-packages/mav_planning_msgs/__init__.pyc
-- Installing: /home/leeandy/Desktop/ICL_controller/Gazebo_simulation/mav_comm/matlab_msg_gen_ros1/glnxa64/install/lib/python2.7/dist-packages/mav_planning_msgs/srv
-- Installing: /home/leeandy/Desktop/ICL_controller/Gazebo_simulation/mav_comm/matlab_msg_gen_ros1/glnxa64/install/lib/python2.7/dist-packages/mav_planning_msgs/srv/_PolygonService.pyc
-- Installing: /home/leeandy/Desktop/ICL_controller/Gazebo_simulation/mav_comm/matlab_msg_gen_ros1/glnxa64/install/lib/python2.7/dist-packages/mav_planning_msgs/srv/_PlannerService.pyc
-- Installing: /home/leeandy/Desktop/ICL_controller/Gazebo_simulation/mav_comm/matlab_msg_gen_ros1/glnxa64/install/lib/python2.7/dist-packages/mav_planning_msgs/srv/__init__.py
-- Installing: /home/leeandy/Desktop/ICL_controller/Gazebo_simulation/mav_comm/matlab_msg_gen_ros1/glnxa64/install/lib/python2.7/dist-packages/mav_planning_msgs/srv/_PolygonService.py
-- Installing: /home/leeandy/Desktop/ICL_controller/Gazebo_simulation/mav_comm/matlab_msg_gen_ros1/glnxa64/install/lib/python2.7/dist-packages/mav_planning_msgs/srv/__init__.pyc
-- Installing: /home/leeandy/Desktop/ICL_controller/Gazebo_simulation/mav_comm/matlab_msg_gen_ros1/glnxa64/install/lib/python2.7/dist-packages/mav_planning_msgs/srv/_PlannerService.py
-- Installing: /home/leeandy/Desktop/ICL_controller/Gazebo_simulation/mav_comm/matlab_msg_gen_ros1/glnxa64/install/lib/pkgconfig/mav_planning_msgs.pc
-- Installing: /home/leeandy/Desktop/ICL_controller/Gazebo_simulation/mav_comm/matlab_msg_gen_ros1/glnxa64/install/share/mav_planning_msgs/cmake/mav_planning_msgs-msg-extras.cmake
-- Installing: /home/leeandy/Desktop/ICL_controller/Gazebo_simulation/mav_comm/matlab_msg_gen_ros1/glnxa64/install/share/mav_planning_msgs/cmake/mav_planning_msgsConfig.cmake
-- Installing: /home/leeandy/Desktop/ICL_controller/Gazebo_simulation/mav_comm/matlab_msg_gen_ros1/glnxa64/install/share/mav_planning_msgs/cmake/mav_planning_msgsConfig-version.cmake
-- Installing: /home/leeandy/Desktop/ICL_controller/Gazebo_simulation/mav_comm/matlab_msg_gen_ros1/glnxa64/install/share/mav_planning_msgs/package.xml
-- Up-to-date: /home/leeandy/Desktop/ICL_controller/Gazebo_simulation/mav_comm/matlab_msg_gen_ros1/glnxa64/install/include
-- Up-to-date: /home/leeandy/Desktop/ICL_controller/Gazebo_simulation/mav_comm/matlab_msg_gen_ros1/glnxa64/install/include/mav_planning_msgs
-- Installing: /home/leeandy/Desktop/ICL_controller/Gazebo_simulation/mav_comm/matlab_msg_gen_ros1/glnxa64/install/include/mav_planning_msgs/visibility_control.h
-- Installing: /home/leeandy/Desktop/ICL_controller/Gazebo_simulation/mav_comm/matlab_msg_gen_ros1/glnxa64/install/lib/libmav_planning_msgs_matlab.so
-- Up-to-date: /home/leeandy/Desktop/ICL_controller/Gazebo_simulation/mav_comm/matlab_msg_gen_ros1/glnxa64/install/m/
-- Up-to-date: /home/leeandy/Desktop/ICL_controller/Gazebo_simulation/mav_comm/matlab_msg_gen_ros1/glnxa64/install/m//+ros
-- Up-to-date: /home/leeandy/Desktop/ICL_controller/Gazebo_simulation/mav_comm/matlab_msg_gen_ros1/glnxa64/install/m//+ros/+msggen
-- Installing: /home/leeandy/Desktop/ICL_controller/Gazebo_simulation/mav_comm/matlab_msg_gen_ros1/glnxa64/install/m//+ros/+msggen/+mav_planning_msgs
-- Installing: /home/leeandy/Desktop/ICL_controller/Gazebo_simulation/mav_comm/matlab_msg_gen_ros1/glnxa64/install/m//+ros/+msggen/+mav_planning_msgs/PolynomialSegment4D.m
-- Installing: /home/leeandy/Desktop/ICL_controller/Gazebo_simulation/mav_comm/matlab_msg_gen_ros1/glnxa64/install/m//+ros/+msggen/+mav_planning_msgs/PolynomialTrajectory4D.m
-- Installing: /home/leeandy/Desktop/ICL_controller/Gazebo_simulation/mav_comm/matlab_msg_gen_ros1/glnxa64/install/m//+ros/+msggen/+mav_planning_msgs/PointCloudWithPose.m
-- Installing: /home/leeandy/Desktop/ICL_controller/Gazebo_simulation/mav_comm/matlab_msg_gen_ros1/glnxa64/install/m//+ros/+msggen/+mav_planning_msgs/Polygon2D.m
-- Installing: /home/leeandy/Desktop/ICL_controller/Gazebo_simulation/mav_comm/matlab_msg_gen_ros1/glnxa64/install/m//+ros/+msggen/+mav_planning_msgs/PolygonWithHolesStamped.m
-- Installing: /home/leeandy/Desktop/ICL_controller/Gazebo_simulation/mav_comm/matlab_msg_gen_ros1/glnxa64/install/m//+ros/+msggen/+mav_planning_msgs/PlannerServiceRequest.m
-- Installing: /home/leeandy/Desktop/ICL_controller/Gazebo_simulation/mav_comm/matlab_msg_gen_ros1/glnxa64/install/m//+ros/+msggen/+mav_planning_msgs/PolygonServiceRequest.m
-- Installing: /home/leeandy/Desktop/ICL_controller/Gazebo_simulation/mav_comm/matlab_msg_gen_ros1/glnxa64/install/m//+ros/+msggen/+mav_planning_msgs/Point2D.m
-- Installing: /home/leeandy/Desktop/ICL_controller/Gazebo_simulation/mav_comm/matlab_msg_gen_ros1/glnxa64/install/m//+ros/+msggen/+mav_planning_msgs/PolygonServiceResponse.m
-- Installing: /home/leeandy/Desktop/ICL_controller/Gazebo_simulation/mav_comm/matlab_msg_gen_ros1/glnxa64/install/m//+ros/+msggen/+mav_planning_msgs/PlannerServiceResponse.m
-- Installing: /home/leeandy/Desktop/ICL_controller/Gazebo_simulation/mav_comm/matlab_msg_gen_ros1/glnxa64/install/m//+ros/+msggen/+mav_planning_msgs/PolygonWithHoles.m
-- Up-to-date: /home/leeandy/Desktop/ICL_controller/Gazebo_simulation/mav_comm/matlab_msg_gen_ros1/glnxa64/install/m//+ros/+internal
-- Up-to-date: /home/leeandy/Desktop/ICL_controller/Gazebo_simulation/mav_comm/matlab_msg_gen_ros1/glnxa64/install/m//+ros/+internal/+ros
-- Up-to-date: /home/leeandy/Desktop/ICL_controller/Gazebo_simulation/mav_comm/matlab_msg_gen_ros1/glnxa64/install/m//+ros/+internal/+ros/+custommessages
-- Installing: /home/leeandy/Desktop/ICL_controller/Gazebo_simulation/mav_comm/matlab_msg_gen_ros1/glnxa64/install/m//+ros/+internal/+ros/+custommessages/+mav_planning_msgs
-- Installing: /home/leeandy/Desktop/ICL_controller/Gazebo_simulation/mav_comm/matlab_msg_gen_ros1/glnxa64/install/m//+ros/+internal/+ros/+custommessages/+mav_planning_msgs/plannerServiceRequest.m
-- Installing: /home/leeandy/Desktop/ICL_controller/Gazebo_simulation/mav_comm/matlab_msg_gen_ros1/glnxa64/install/m//+ros/+internal/+ros/+custommessages/+mav_planning_msgs/polygonServiceResponse.m
-- Installing: /home/leeandy/Desktop/ICL_controller/Gazebo_simulation/mav_comm/matlab_msg_gen_ros1/glnxa64/install/m//+ros/+internal/+ros/+custommessages/+mav_planning_msgs/polynomialTrajectory4D.m
-- Installing: /home/leeandy/Desktop/ICL_controller/Gazebo_simulation/mav_comm/matlab_msg_gen_ros1/glnxa64/install/m//+ros/+internal/+ros/+custommessages/+mav_planning_msgs/polygonWithHoles.m
-- Installing: /home/leeandy/Desktop/ICL_controller/Gazebo_simulation/mav_comm/matlab_msg_gen_ros1/glnxa64/install/m//+ros/+internal/+ros/+custommessages/+mav_planning_msgs/plannerServiceResponse.m
-- Installing: /home/leeandy/Desktop/ICL_controller/Gazebo_simulation/mav_comm/matlab_msg_gen_ros1/glnxa64/install/m//+ros/+internal/+ros/+custommessages/+mav_planning_msgs/pointCloudWithPose.m
-- Installing: /home/leeandy/Desktop/ICL_controller/Gazebo_simulation/mav_comm/matlab_msg_gen_ros1/glnxa64/install/m//+ros/+internal/+ros/+custommessages/+mav_planning_msgs/polygonWithHolesStamped.m
-- Installing: /home/leeandy/Desktop/ICL_controller/Gazebo_simulation/mav_comm/matlab_msg_gen_ros1/glnxa64/install/m//+ros/+internal/+ros/+custommessages/+mav_planning_msgs/point2D.m
-- Installing: /home/leeandy/Desktop/ICL_controller/Gazebo_simulation/mav_comm/matlab_msg_gen_ros1/glnxa64/install/m//+ros/+internal/+ros/+custommessages/+mav_planning_msgs/polygon2D.m
-- Installing: /home/leeandy/Desktop/ICL_controller/Gazebo_simulation/mav_comm/matlab_msg_gen_ros1/glnxa64/install/m//+ros/+internal/+ros/+custommessages/+mav_planning_msgs/polygonServiceRequest.m
-- Installing: /home/leeandy/Desktop/ICL_controller/Gazebo_simulation/mav_comm/matlab_msg_gen_ros1/glnxa64/install/m//+ros/+internal/+ros/+custommessages/+mav_planning_msgs/polynomialSegment4D.m
Base path: /home/leeandy/Desktop/ICL_controller/Gazebo_simulation/mav_comm/matlab_msg_gen_ros1/glnxa64
Source space: /home/leeandy/Desktop/ICL_controller/Gazebo_simulation/mav_comm/matlab_msg_gen_ros1/glnxa64/src
Build space: /home/leeandy/Desktop/ICL_controller/Gazebo_simulation/mav_comm/matlab_msg_gen_ros1/glnxa64/build
Devel space: /home/leeandy/Desktop/ICL_controller/Gazebo_simulation/mav_comm/matlab_msg_gen_ros1/glnxa64/devel
Install space: /home/leeandy/Desktop/ICL_controller/Gazebo_simulation/mav_comm/matlab_msg_gen_ros1/glnxa64/install
Creating symlink "/home/leeandy/Desktop/ICL_controller/Gazebo_simulation/mav_comm/matlab_msg_gen_ros1/glnxa64/src/CMakeLists.txt" pointing to "/home/leeandy/MATLAB_2021b/sys/ros1/glnxa64/ros1/share/catkin/cmake/toplevel.cmake"
####
#### Running command: "cmake /home/leeandy/Desktop/ICL_controller/Gazebo_simulation/mav_comm/matlab_msg_gen_ros1/glnxa64/src -DBoost_NAMESPACE=mwboost -DCATKIN_ENABLE_TESTING=off -DCMAKE_PREFIX_PATH=/home/leeandy/MATLAB_2021b/sys/ros1/glnxa64/ros1;/home/leeandy/MATLAB_2021b/toolbox/ros/mlroscpp/custom_messages -DCMAKE_BUILD_TYPE=Release -DCMAKE_CXX_FLAGS_RELEASE=-O0 -DCATKIN_DEVEL_PREFIX=/home/leeandy/Desktop/ICL_controller/Gazebo_simulation/mav_comm/matlab_msg_gen_ros1/glnxa64/devel -DCMAKE_INSTALL_PREFIX=/home/leeandy/Desktop/ICL_controller/Gazebo_simulation/mav_comm/matlab_msg_gen_ros1/glnxa64/install -G Ninja" in "/home/leeandy/Desktop/ICL_controller/Gazebo_simulation/mav_comm/matlab_msg_gen_ros1/glnxa64/build"
####
####
#### Running command: "ninja install install -j12 -l12" in "/home/leeandy/Desktop/ICL_controller/Gazebo_simulation/mav_comm/matlab_msg_gen_ros1/glnxa64/build"
####
